<?xml version="1.0" encoding="UTF-8" ?>
<testsuite tests="2" failures="0" name="TestTeacher" time="0.042" errors="1" skipped="1">
  <properties>
    <property name="java.runtime.name" value="Java(TM) SE Runtime Environment"/>
    <property name="sun.boot.library.path" value="/Library/Java/JavaVirtualMachines/jdk1.8.0_181.jdk/Contents/Home/jre/lib"/>
    <property name="java.vm.version" value="25.181-b13"/>
    <property name="gopherProxySet" value="false"/>
    <property name="java.vm.vendor" value="Oracle Corporation"/>
    <property name="maven.multiModuleProjectDirectory" value="/Users/rajeshr/Projects/java"/>
    <property name="java.vendor.url" value="http://java.oracle.com/"/>
    <property name="path.separator" value=":"/>
    <property name="guice.disable.misplaced.annotation.check" value="true"/>
    <property name="java.vm.name" value="Java HotSpot(TM) 64-Bit Server VM"/>
    <property name="file.encoding.pkg" value="sun.io"/>
    <property name="user.country" value="IN"/>
    <property name="sun.java.launcher" value="SUN_STANDARD"/>
    <property name="sun.os.patch.level" value="unknown"/>
    <property name="java.vm.specification.name" value="Java Virtual Machine Specification"/>
    <property name="user.dir" value="/Users/rajeshr/Projects/Java"/>
    <property name="java.runtime.version" value="1.8.0_181-b13"/>
    <property name="java.awt.graphicsenv" value="sun.awt.CGraphicsEnvironment"/>
    <property name="java.endorsed.dirs" value="/Library/Java/JavaVirtualMachines/jdk1.8.0_181.jdk/Contents/Home/jre/lib/endorsed"/>
    <property name="os.arch" value="x86_64"/>
    <property name="java.io.tmpdir" value="/var/folders/7r/t8gt8np505ggg3n3fgp44p_r0000gn/T/"/>
    <property name="line.separator" value="
"/>
    <property name="java.vm.specification.vendor" value="Oracle Corporation"/>
    <property name="os.name" value="Mac OS X"/>
    <property name="classworlds.conf" value="/Users/rajeshr/apache-maven-3.5.4/bin/m2.conf"/>
    <property name="sun.jnu.encoding" value="UTF-8"/>
    <property name="java.library.path" value="/Users/rajeshr/Library/Java/Extensions:/Library/Java/Extensions:/Network/Library/Java/Extensions:/System/Library/Java/Extensions:/usr/lib/java:."/>
    <property name="maven.conf" value="/Users/rajeshr/apache-maven-3.5.4/conf"/>
    <property name="java.specification.name" value="Java Platform API Specification"/>
    <property name="java.class.version" value="52.0"/>
    <property name="sun.management.compiler" value="HotSpot 64-Bit Tiered Compilers"/>
    <property name="os.version" value="10.13.6"/>
    <property name="library.jansi.path" value="/Users/rajeshr/apache-maven-3.5.4/lib/jansi-native"/>
    <property name="http.nonProxyHosts" value="local|*.local|169.254/16|*.169.254/16"/>
    <property name="user.home" value="/Users/rajeshr"/>
    <property name="user.timezone" value="Asia/Kolkata"/>
    <property name="java.awt.printerjob" value="sun.lwawt.macosx.CPrinterJob"/>
    <property name="java.specification.version" value="1.8"/>
    <property name="file.encoding" value="US-ASCII"/>
    <property name="user.name" value="rajeshr"/>
    <property name="java.class.path" value="/Users/rajeshr/apache-maven-3.5.4/boot/plexus-classworlds-2.5.2.jar"/>
    <property name="java.vm.specification.version" value="1.8"/>
    <property name="sun.arch.data.model" value="64"/>
    <property name="java.home" value="/Library/Java/JavaVirtualMachines/jdk1.8.0_181.jdk/Contents/Home/jre"/>
    <property name="sun.java.command" value="org.codehaus.plexus.classworlds.launcher.Launcher clean install"/>
    <property name="java.specification.vendor" value="Oracle Corporation"/>
    <property name="user.language" value="en"/>
    <property name="awt.toolkit" value="sun.lwawt.macosx.LWCToolkit"/>
    <property name="java.vm.info" value="mixed mode"/>
    <property name="java.version" value="1.8.0_181"/>
    <property name="java.ext.dirs" value="/Users/rajeshr/Library/Java/Extensions:/Library/Java/JavaVirtualMachines/jdk1.8.0_181.jdk/Contents/Home/jre/lib/ext:/Library/Java/Extensions:/Network/Library/Java/Extensions:/System/Library/Java/Extensions:/usr/lib/java"/>
    <property name="sun.boot.class.path" value="/Library/Java/JavaVirtualMachines/jdk1.8.0_181.jdk/Contents/Home/jre/lib/resources.jar:/Library/Java/JavaVirtualMachines/jdk1.8.0_181.jdk/Contents/Home/jre/lib/rt.jar:/Library/Java/JavaVirtualMachines/jdk1.8.0_181.jdk/Contents/Home/jre/lib/sunrsasign.jar:/Library/Java/JavaVirtualMachines/jdk1.8.0_181.jdk/Contents/Home/jre/lib/jsse.jar:/Library/Java/JavaVirtualMachines/jdk1.8.0_181.jdk/Contents/Home/jre/lib/jce.jar:/Library/Java/JavaVirtualMachines/jdk1.8.0_181.jdk/Contents/Home/jre/lib/charsets.jar:/Library/Java/JavaVirtualMachines/jdk1.8.0_181.jdk/Contents/Home/jre/lib/jfr.jar:/Library/Java/JavaVirtualMachines/jdk1.8.0_181.jdk/Contents/Home/jre/classes"/>
    <property name="java.vendor" value="Oracle Corporation"/>
    <property name="maven.home" value="/Users/rajeshr/apache-maven-3.5.4"/>
    <property name="file.separator" value="/"/>
    <property name="java.vendor.url.bug" value="http://bugreport.sun.com/bugreport/"/>
    <property name="sun.cpu.endian" value="little"/>
    <property name="sun.io.unicode.encoding" value="UnicodeBig"/>
    <property name="socksNonProxyHosts" value="local|*.local|169.254/16|*.169.254/16"/>
    <property name="ftp.nonProxyHosts" value="local|*.local|169.254/16|*.169.254/16"/>
    <property name="sun.cpu.isalist" value=""/>
  </properties>
  <testcase classname="TestTeacher" name="validTeacher_validationPasses" time="0.02">
    <error message="java.net.ConnectException: Connection refused (Connection refused)" type="java.io.UncheckedIOException">java.io.UncheckedIOException: java.net.ConnectException: Connection refused (Connection refused)
	at org.everit.json.schema.loader.internal.DefaultSchemaClient.get(DefaultSchemaClient.java:20)
	at org.everit.json.schema.loader.JsonPointerEvaluator.executeWith(JsonPointerEvaluator.java:76)
	at org.everit.json.schema.loader.JsonPointerEvaluator.lambda$forURL$1(JsonPointerEvaluator.java:124)
	at org.everit.json.schema.loader.JsonPointerEvaluator.query(JsonPointerEvaluator.java:144)
	at org.everit.json.schema.loader.ReferenceLookup.lookup(ReferenceLookup.java:159)
	at org.everit.json.schema.loader.ReferenceSchemaExtractor.extract(SchemaExtractor.java:163)
	at org.everit.json.schema.loader.AbstractSchemaExtractor.extract(SchemaExtractor.java:80)
	at org.everit.json.schema.loader.SchemaLoader.runSchemaExtractors(SchemaLoader.java:359)
	at org.everit.json.schema.loader.SchemaLoader.loadSchemaObject(SchemaLoader.java:340)
	at org.everit.json.schema.loader.JsonValue$Multiplexer.requireAny(JsonValue.java:44)
	at org.everit.json.schema.loader.SchemaLoader.load(SchemaLoader.java:410)
	at org.everit.json.schema.loader.SchemaLoader.loadChild(SchemaLoader.java:414)
	at org.everit.json.schema.loader.ObjectSchemaLoader.addPropertySchemaDefinition(ObjectSchemaLoader.java:70)
	at org.everit.json.schema.loader.ObjectSchemaLoader.lambda$populatePropertySchemas$9(ObjectSchemaLoader.java:64)
	at org.everit.json.schema.loader.JsonObject.iterateOnEntry(JsonObject.java:84)
	at org.everit.json.schema.loader.JsonObject.lambda$forEach$1(JsonObject.java:79)
	at java.util.HashMap$EntrySet.forEach(HashMap.java:1044)
	at org.everit.json.schema.loader.JsonObject.forEach(JsonObject.java:79)
	at org.everit.json.schema.loader.ObjectSchemaLoader.populatePropertySchemas(ObjectSchemaLoader.java:61)
	at org.everit.json.schema.loader.ObjectSchemaLoader.lambda$load$0(ObjectSchemaLoader.java:32)
	at java.util.Optional.ifPresent(Optional.java:159)
	at org.everit.json.schema.loader.ObjectSchemaLoader.load(ObjectSchemaLoader.java:32)
	at org.everit.json.schema.loader.AbstractSchemaExtractor.buildObjectSchema(SchemaExtractor.java:113)
	at org.everit.json.schema.loader.TypeBasedSchemaExtractor.loadForExplicitType(SchemaExtractor.java:248)
	at org.everit.json.schema.loader.JsonValue$Multiplexer.requireAny(JsonValue.java:44)
	at org.everit.json.schema.loader.TypeBasedSchemaExtractor.extract(SchemaExtractor.java:217)
	at org.everit.json.schema.loader.AbstractSchemaExtractor.extract(SchemaExtractor.java:80)
	at org.everit.json.schema.loader.SchemaLoader.runSchemaExtractors(SchemaLoader.java:372)
	at org.everit.json.schema.loader.SchemaLoader.loadSchemaObject(SchemaLoader.java:340)
	at org.everit.json.schema.loader.JsonValue$Multiplexer.requireAny(JsonValue.java:44)
	at org.everit.json.schema.loader.SchemaLoader.load(SchemaLoader.java:410)
	at org.everit.json.schema.loader.ReferenceLookup.performQueryEvaluation(ReferenceLookup.java:126)
	at org.everit.json.schema.loader.ReferenceLookup.lookup(ReferenceLookup.java:136)
	at org.everit.json.schema.loader.ReferenceSchemaExtractor.extract(SchemaExtractor.java:163)
	at org.everit.json.schema.loader.AbstractSchemaExtractor.extract(SchemaExtractor.java:80)
	at org.everit.json.schema.loader.SchemaLoader.runSchemaExtractors(SchemaLoader.java:359)
	at org.everit.json.schema.loader.SchemaLoader.loadSchemaObject(SchemaLoader.java:340)
	at org.everit.json.schema.loader.JsonValue$Multiplexer.requireAny(JsonValue.java:44)
	at org.everit.json.schema.loader.SchemaLoader.load(SchemaLoader.java:410)
	at org.everit.json.schema.loader.SchemaLoader.loadChild(SchemaLoader.java:414)
	at org.everit.json.schema.loader.ObjectSchemaLoader.addPropertySchemaDefinition(ObjectSchemaLoader.java:70)
	at org.everit.json.schema.loader.ObjectSchemaLoader.lambda$populatePropertySchemas$9(ObjectSchemaLoader.java:64)
	at org.everit.json.schema.loader.JsonObject.iterateOnEntry(JsonObject.java:84)
	at org.everit.json.schema.loader.JsonObject.lambda$forEach$1(JsonObject.java:79)
	at java.util.HashMap$EntrySet.forEach(HashMap.java:1044)
	at org.everit.json.schema.loader.JsonObject.forEach(JsonObject.java:79)
	at org.everit.json.schema.loader.ObjectSchemaLoader.populatePropertySchemas(ObjectSchemaLoader.java:61)
	at org.everit.json.schema.loader.ObjectSchemaLoader.lambda$load$0(ObjectSchemaLoader.java:32)
	at java.util.Optional.ifPresent(Optional.java:159)
	at org.everit.json.schema.loader.ObjectSchemaLoader.load(ObjectSchemaLoader.java:32)
	at org.everit.json.schema.loader.AbstractSchemaExtractor.buildObjectSchema(SchemaExtractor.java:113)
	at org.everit.json.schema.loader.TypeBasedSchemaExtractor.loadForExplicitType(SchemaExtractor.java:248)
	at org.everit.json.schema.loader.JsonValue$Multiplexer.requireAny(JsonValue.java:44)
	at org.everit.json.schema.loader.TypeBasedSchemaExtractor.extract(SchemaExtractor.java:217)
	at org.everit.json.schema.loader.AbstractSchemaExtractor.extract(SchemaExtractor.java:80)
	at org.everit.json.schema.loader.SchemaLoader.runSchemaExtractors(SchemaLoader.java:372)
	at org.everit.json.schema.loader.SchemaLoader.loadSchemaObject(SchemaLoader.java:340)
	at org.everit.json.schema.loader.JsonValue$Multiplexer.requireAny(JsonValue.java:44)
	at org.everit.json.schema.loader.SchemaLoader.load(SchemaLoader.java:410)
	at TestTeacher.setUp(TestTeacher.java:19)
	at sun.reflect.NativeMethodAccessorImpl.invoke0(Native Method)
	at sun.reflect.NativeMethodAccessorImpl.invoke(NativeMethodAccessorImpl.java:62)
	at sun.reflect.DelegatingMethodAccessorImpl.invoke(DelegatingMethodAccessorImpl.java:43)
	at java.lang.reflect.Method.invoke(Method.java:498)
	at org.junit.runners.model.FrameworkMethod$1.runReflectiveCall(FrameworkMethod.java:50)
	at org.junit.internal.runners.model.ReflectiveCallable.run(ReflectiveCallable.java:12)
	at org.junit.runners.model.FrameworkMethod.invokeExplosively(FrameworkMethod.java:47)
	at org.junit.internal.runners.statements.RunBefores.evaluate(RunBefores.java:24)
	at org.junit.internal.runners.statements.RunAfters.evaluate(RunAfters.java:27)
	at org.junit.runners.ParentRunner.runLeaf(ParentRunner.java:325)
	at org.junit.runners.BlockJUnit4ClassRunner.runChild(BlockJUnit4ClassRunner.java:78)
	at org.junit.runners.BlockJUnit4ClassRunner.runChild(BlockJUnit4ClassRunner.java:57)
	at org.junit.runners.ParentRunner$3.run(ParentRunner.java:290)
	at org.junit.runners.ParentRunner$1.schedule(ParentRunner.java:71)
	at org.junit.runners.ParentRunner.runChildren(ParentRunner.java:288)
	at org.junit.runners.ParentRunner.access$000(ParentRunner.java:58)
	at org.junit.runners.ParentRunner$2.evaluate(ParentRunner.java:268)
	at org.junit.runners.ParentRunner.run(ParentRunner.java:363)
	at org.apache.maven.surefire.junit4.JUnit4Provider.execute(JUnit4Provider.java:252)
	at org.apache.maven.surefire.junit4.JUnit4Provider.executeTestSet(JUnit4Provider.java:141)
	at org.apache.maven.surefire.junit4.JUnit4Provider.invoke(JUnit4Provider.java:112)
	at sun.reflect.NativeMethodAccessorImpl.invoke0(Native Method)
	at sun.reflect.NativeMethodAccessorImpl.invoke(NativeMethodAccessorImpl.java:62)
	at sun.reflect.DelegatingMethodAccessorImpl.invoke(DelegatingMethodAccessorImpl.java:43)
	at java.lang.reflect.Method.invoke(Method.java:498)
	at org.apache.maven.surefire.util.ReflectionUtils.invokeMethodWithArray(ReflectionUtils.java:189)
	at org.apache.maven.surefire.booter.ProviderFactory$ProviderProxy.invoke(ProviderFactory.java:165)
	at org.apache.maven.surefire.booter.ProviderFactory.invokeProvider(ProviderFactory.java:85)
	at org.apache.maven.surefire.booter.ForkedBooter.runSuitesInProcess(ForkedBooter.java:115)
	at org.apache.maven.surefire.booter.ForkedBooter.main(ForkedBooter.java:75)
Caused by: java.net.ConnectException: Connection refused (Connection refused)
	at java.net.PlainSocketImpl.socketConnect(Native Method)
	at java.net.AbstractPlainSocketImpl.doConnect(AbstractPlainSocketImpl.java:350)
	at java.net.AbstractPlainSocketImpl.connectToAddress(AbstractPlainSocketImpl.java:206)
	at java.net.AbstractPlainSocketImpl.connect(AbstractPlainSocketImpl.java:188)
	at java.net.SocksSocketImpl.connect(SocksSocketImpl.java:392)
	at java.net.Socket.connect(Socket.java:589)
	at java.net.Socket.connect(Socket.java:538)
	at sun.net.NetworkClient.doConnect(NetworkClient.java:180)
	at sun.net.www.http.HttpClient.openServer(HttpClient.java:463)
	at sun.net.www.http.HttpClient.openServer(HttpClient.java:558)
	at sun.net.www.http.HttpClient.&lt;init&gt;(HttpClient.java:242)
	at sun.net.www.http.HttpClient.New(HttpClient.java:339)
	at sun.net.www.http.HttpClient.New(HttpClient.java:357)
	at sun.net.www.protocol.http.HttpURLConnection.getNewHttpClient(HttpURLConnection.java:1220)
	at sun.net.www.protocol.http.HttpURLConnection.plainConnect0(HttpURLConnection.java:1156)
	at sun.net.www.protocol.http.HttpURLConnection.plainConnect(HttpURLConnection.java:1050)
	at sun.net.www.protocol.http.HttpURLConnection.connect(HttpURLConnection.java:984)
	at sun.net.www.protocol.http.HttpURLConnection.getInputStream0(HttpURLConnection.java:1564)
	at sun.net.www.protocol.http.HttpURLConnection.getInputStream(HttpURLConnection.java:1492)
	at java.net.URLConnection.getContent(URLConnection.java:739)
	at java.net.URL.getContent(URL.java:1059)
	at org.everit.json.schema.loader.internal.DefaultSchemaClient.get(DefaultSchemaClient.java:18)
	... 89 more
</error>
  </testcase>
  <testcase classname="TestTeacher" name="invalidYear_validationFails" time="0.022">
    <skipped/>
  </testcase>
</testsuite>